Build started 7/10/2014 11:23:59 PM.
     1>Project "H:\Others\1_2\cSe\OurProject\fisHiNg\joyi_final___)\Igraphics\Igraphics.vcxproj" on node 2 (build target(s)).
     1>InitializeBuildStatus:
         Creating "Debug\Igraphics.unsuccessfulbuild" because "AlwaysCreate" was specified.
       ClCompile:
         C:\Program Files (x86)\Microsoft Visual Studio 10.0\VC\bin\CL.exe /c /I"Igraphics_08.02.2014\GL Files\include" /ZI /nologo /W3 /WX- /Od /Oy- /D WIN32 /D _DEBUG /D _CONSOLE /D _MBCS /Gm /EHsc /RTC1 /MDd /GS /fp:precise /Zc:wchar_t /Zc:forScope /Fo"Debug\\" /Fd"Debug\vc100.pdb" /Gd /TP /analyze- /errorReport:prompt "Igraphics_08.02.2014\Source Files\Watch.cpp"
         Watch.cpp
     1>h:\others\1_2\cse\ourproject\fishing\joyi_final___)\igraphics\igraphics_08.02.2014\source files\watch.cpp(70): warning C4996: 'itoa': The POSIX name for this item is deprecated. Instead, use the ISO C++ conformant name: _itoa. See online help for details.
                 c:\program files (x86)\microsoft visual studio 10.0\vc\include\stdlib.h(867) : see declaration of 'itoa'
     1>h:\others\1_2\cse\ourproject\fishing\joyi_final___)\igraphics\igraphics_08.02.2014\source files\watch.cpp(108): warning C4996: 'itoa': The POSIX name for this item is deprecated. Instead, use the ISO C++ conformant name: _itoa. See online help for details.
                 c:\program files (x86)\microsoft visual studio 10.0\vc\include\stdlib.h(867) : see declaration of 'itoa'
     1>h:\others\1_2\cse\ourproject\fishing\joyi_final___)\igraphics\igraphics_08.02.2014\source files\watch.cpp(216): warning C4101: 'cx' : unreferenced local variable
     1>h:\others\1_2\cse\ourproject\fishing\joyi_final___)\igraphics\igraphics_08.02.2014\source files\watch.cpp(216): warning C4101: 'cy' : unreferenced local variable
     1>h:\others\1_2\cse\ourproject\fishing\joyi_final___)\igraphics\igraphics_08.02.2014\source files\watch.cpp(242): warning C4996: 'fopen': This function or variable may be unsafe. Consider using fopen_s instead. To disable deprecation, use _CRT_SECURE_NO_WARNINGS. See online help for details.
                 c:\program files (x86)\microsoft visual studio 10.0\vc\include\stdio.h(234) : see declaration of 'fopen'
     1>h:\others\1_2\cse\ourproject\fishing\joyi_final___)\igraphics\igraphics_08.02.2014\source files\watch.cpp(412): warning C4996: 'fopen': This function or variable may be unsafe. Consider using fopen_s instead. To disable deprecation, use _CRT_SECURE_NO_WARNINGS. See online help for details.
                 c:\program files (x86)\microsoft visual studio 10.0\vc\include\stdio.h(234) : see declaration of 'fopen'
     1>h:\others\1_2\cse\ourproject\fishing\joyi_final___)\igraphics\igraphics_08.02.2014\source files\watch.cpp(414): warning C4996: 'fscanf': This function or variable may be unsafe. Consider using fscanf_s instead. To disable deprecation, use _CRT_SECURE_NO_WARNINGS. See online help for details.
                 c:\program files (x86)\microsoft visual studio 10.0\vc\include\stdio.h(253) : see declaration of 'fscanf'
     1>h:\others\1_2\cse\ourproject\fishing\joyi_final___)\igraphics\igraphics_08.02.2014\source files\watch.cpp(420): warning C4996: 'fopen': This function or variable may be unsafe. Consider using fopen_s instead. To disable deprecation, use _CRT_SECURE_NO_WARNINGS. See online help for details.
                 c:\program files (x86)\microsoft visual studio 10.0\vc\include\stdio.h(234) : see declaration of 'fopen'
     1>h:\others\1_2\cse\ourproject\fishing\joyi_final___)\igraphics\igraphics_08.02.2014\source files\watch.cpp(421): warning C4996: 'fscanf': This function or variable may be unsafe. Consider using fscanf_s instead. To disable deprecation, use _CRT_SECURE_NO_WARNINGS. See online help for details.
                 c:\program files (x86)\microsoft visual studio 10.0\vc\include\stdio.h(253) : see declaration of 'fscanf'
     1>h:\others\1_2\cse\ourproject\fishing\joyi_final___)\igraphics\igraphics_08.02.2014\source files\watch.cpp(422): warning C4996: 'itoa': The POSIX name for this item is deprecated. Instead, use the ISO C++ conformant name: _itoa. See online help for details.
                 c:\program files (x86)\microsoft visual studio 10.0\vc\include\stdlib.h(867) : see declaration of 'itoa'
     1>h:\others\1_2\cse\ourproject\fishing\joyi_final___)\igraphics\igraphics_08.02.2014\source files\watch.cpp(463): warning C4996: 'strcpy': This function or variable may be unsafe. Consider using strcpy_s instead. To disable deprecation, use _CRT_SECURE_NO_WARNINGS. See online help for details.
                 c:\program files (x86)\microsoft visual studio 10.0\vc\include\string.h(105) : see declaration of 'strcpy'
     1>h:\others\1_2\cse\ourproject\fishing\joyi_final___)\igraphics\igraphics_08.02.2014\source files\watch.cpp(469): warning C4996: 'strcpy': This function or variable may be unsafe. Consider using strcpy_s instead. To disable deprecation, use _CRT_SECURE_NO_WARNINGS. See online help for details.
                 c:\program files (x86)\microsoft visual studio 10.0\vc\include\string.h(105) : see declaration of 'strcpy'
     1>h:\others\1_2\cse\ourproject\fishing\joyi_final___)\igraphics\igraphics_08.02.2014\source files\watch.cpp(481): warning C4996: 'fopen': This function or variable may be unsafe. Consider using fopen_s instead. To disable deprecation, use _CRT_SECURE_NO_WARNINGS. See online help for details.
                 c:\program files (x86)\microsoft visual studio 10.0\vc\include\stdio.h(234) : see declaration of 'fopen'
     1>h:\others\1_2\cse\ourproject\fishing\joyi_final___)\igraphics\igraphics_08.02.2014\source files\watch.cpp(492): warning C4996: 'fopen': This function or variable may be unsafe. Consider using fopen_s instead. To disable deprecation, use _CRT_SECURE_NO_WARNINGS. See online help for details.
                 c:\program files (x86)\microsoft visual studio 10.0\vc\include\stdio.h(234) : see declaration of 'fopen'
     1>h:\others\1_2\cse\ourproject\fishing\joyi_final___)\igraphics\igraphics_08.02.2014\source files\watch.cpp(522): warning C4996: 'itoa': The POSIX name for this item is deprecated. Instead, use the ISO C++ conformant name: _itoa. See online help for details.
                 c:\program files (x86)\microsoft visual studio 10.0\vc\include\stdlib.h(867) : see declaration of 'itoa'
     1>h:\others\1_2\cse\ourproject\fishing\joyi_final___)\igraphics\igraphics_08.02.2014\source files\watch.cpp(523): warning C4996: 'itoa': The POSIX name for this item is deprecated. Instead, use the ISO C++ conformant name: _itoa. See online help for details.
                 c:\program files (x86)\microsoft visual studio 10.0\vc\include\stdlib.h(867) : see declaration of 'itoa'
     1>h:\others\1_2\cse\ourproject\fishing\joyi_final___)\igraphics\igraphics_08.02.2014\source files\watch.cpp(524): warning C4996: 'itoa': The POSIX name for this item is deprecated. Instead, use the ISO C++ conformant name: _itoa. See online help for details.
                 c:\program files (x86)\microsoft visual studio 10.0\vc\include\stdlib.h(867) : see declaration of 'itoa'
     1>h:\others\1_2\cse\ourproject\fishing\joyi_final___)\igraphics\igraphics_08.02.2014\source files\watch.cpp(540): warning C4996: 'strcpy': This function or variable may be unsafe. Consider using strcpy_s instead. To disable deprecation, use _CRT_SECURE_NO_WARNINGS. See online help for details.
                 c:\program files (x86)\microsoft visual studio 10.0\vc\include\string.h(105) : see declaration of 'strcpy'
     1>h:\others\1_2\cse\ourproject\fishing\joyi_final___)\igraphics\igraphics_08.02.2014\source files\watch.cpp(541): warning C4996: 'strcpy': This function or variable may be unsafe. Consider using strcpy_s instead. To disable deprecation, use _CRT_SECURE_NO_WARNINGS. See online help for details.
                 c:\program files (x86)\microsoft visual studio 10.0\vc\include\string.h(105) : see declaration of 'strcpy'
     1>h:\others\1_2\cse\ourproject\fishing\joyi_final___)\igraphics\igraphics_08.02.2014\source files\watch.cpp(600): warning C4996: 'fopen': This function or variable may be unsafe. Consider using fopen_s instead. To disable deprecation, use _CRT_SECURE_NO_WARNINGS. See online help for details.
                 c:\program files (x86)\microsoft visual studio 10.0\vc\include\stdio.h(234) : see declaration of 'fopen'
     1>h:\others\1_2\cse\ourproject\fishing\joyi_final___)\igraphics\igraphics_08.02.2014\source files\watch.cpp(605): warning C4996: 'fscanf': This function or variable may be unsafe. Consider using fscanf_s instead. To disable deprecation, use _CRT_SECURE_NO_WARNINGS. See online help for details.
                 c:\program files (x86)\microsoft visual studio 10.0\vc\include\stdio.h(253) : see declaration of 'fscanf'
       ManifestResourceCompile:
         C:\Program Files (x86)\Microsoft SDKs\Windows\v7.0A\bin\rc.exe /nologo /fo"Debug\Igraphics.exe.embed.manifest.res" Debug\Igraphics_manifest.rc 
       Link:
         C:\Program Files (x86)\Microsoft Visual Studio 10.0\VC\bin\link.exe /ERRORREPORT:PROMPT /OUT:"H:\Others\1_2\cSe\OurProject\fisHiNg\joyi_final___)\Igraphics\Debug\Igraphics.exe" /INCREMENTAL /NOLOGO /LIBPATH:"Igraphics_08.02.2014\GL Files\lib" kernel32.lib user32.lib gdi32.lib winspool.lib comdlg32.lib advapi32.lib shell32.lib ole32.lib oleaut32.lib uuid.lib odbc32.lib odbccp32.lib /MANIFEST /ManifestFile:"Debug\Igraphics.exe.intermediate.manifest" /MANIFESTUAC:"level='asInvoker' uiAccess='false'" /DEBUG /PDB:"H:\Others\1_2\cSe\OurProject\fisHiNg\joyi_final___)\Igraphics\Debug\Igraphics.pdb" /SUBSYSTEM:CONSOLE /TLBID:1 /DYNAMICBASE /NXCOMPAT /IMPLIB:"H:\Others\1_2\cSe\OurProject\fisHiNg\joyi_final___)\Igraphics\Debug\Igraphics.lib" /MACHINE:X86 Debug\Igraphics.exe.embed.manifest.res
         Debug\Watch.obj
       Manifest:
         C:\Program Files (x86)\Microsoft SDKs\Windows\v7.0A\bin\mt.exe /nologo /verbose /out:"Debug\Igraphics.exe.embed.manifest" /manifest Debug\Igraphics.exe.intermediate.manifest
         All outputs are up-to-date.
       LinkEmbedManifest:
         All outputs are up-to-date.
         Igraphics.vcxproj -> H:\Others\1_2\cSe\OurProject\fisHiNg\joyi_final___)\Igraphics\Debug\Igraphics.exe
       FinalizeBuildStatus:
         Deleting file "Debug\Igraphics.unsuccessfulbuild".
         Touching "Debug\Igraphics.lastbuildstate".
     1>Done Building Project "H:\Others\1_2\cSe\OurProject\fisHiNg\joyi_final___)\Igraphics\Igraphics.vcxproj" (build target(s)).

Build succeeded.

Time Elapsed 00:00:06.52
